Tue Mar 08 14:51:21 GMT 2022 : Apache Derby Network Server - 10.11.1.2 - (1629631) started and ready to accept connections on port 1527
----------------------------------------------------------------
Tue Mar 08 14:51:21 GMT 2022:
Booting Derby version The Apache Software Foundation - Apache Derby - 10.11.1.2 - (1629631): instance a816c00e-017f-6a03-63e3-0000575e8f04 
on database directory C:\Users\Student\OneDrive - Loughborough University\Documents\GitHub\Shape-Shooter-TD\Shape_Shooter_TD\Shape_Shooter_TD_Database\Shape_Shooter_TD_Database with class loader sun.misc.Launcher$AppClassLoader@6f94fa3e 
Loaded from file:/C:/Program%20Files/Java/jdk1.8.0_111/db/lib/derby.jar
java.vendor=Oracle Corporation
java.runtime.version=1.8.0_111-b14
user.dir=C:\Program Files\Java\jdk1.8.0_111\db
os.name=Windows 10
os.arch=amd64
os.version=10.0
derby.system.home=C:\Users\Student\OneDrive - Loughborough University\Documents\GitHub\Shape-Shooter-TD\Shape_Shooter_TD\Shape_Shooter_TD_Database
Database Class Loader started - derby.database.classpath=''
----------------------------------------------------------------
Tue Mar 08 16:13:09 GMT 2022: Shutting down Derby engine
----------------------------------------------------------------
Tue Mar 08 16:13:09 GMT 2022:
Shutting down instance a816c00e-017f-6a03-63e3-0000575e8f04 on database directory C:\Users\Student\OneDrive - Loughborough University\Documents\GitHub\Shape-Shooter-TD\Shape_Shooter_TD\Shape_Shooter_TD_Database\Shape_Shooter_TD_Database with class loader sun.misc.Launcher$AppClassLoader@6f94fa3e 
----------------------------------------------------------------
